生成启动时间为 2016/7/20 23:09:50。
     1>项目“E:\myc++\myqt\QuickMosaic\Features\Features.vcxproj”在节点 2 上(Build 个目标)。
     1>ClCompile:
         D:\Program Files (x86)\Microsoft Visual Studio 12.0\VC\bin\x86_amd64\CL.exe /c /IE:\opensource\install\include /I.\GeneratedFiles /I. /ID:\Qt\Qt5.5.1\5.5\msvc2013_64\include /I.\GeneratedFiles\Release /ID:\Qt\Qt5.5.1\5.5\msvc2013_64\include\QtCore /ID:\Qt\Qt5.5.1\5.5\msvc2013_64\include\QtXml /ID:\Qt\Qt5.5.1\5.5\msvc2013_64\include\QtOpenGL /nologo /W1 /WX- /O2 /D UNICODE /D WIN32 /D WIN64 /D QT_DLL /D QT_NO_DEBUG /D NDEBUG /D QT_CORE_LIB /D FEATURES_LIB /D QT_XML_LIB /D QT_OPENGL_LIB /D _WINDLL /Gm- /EHsc /MD /GS /fp:precise /Zc:wchar_t /Zc:forScope /Fo"x64\Release\\" /Fd"x64\Release\vc120.pdb" /Gd /TP /errorReport:prompt featureexactor.cpp features.cpp GeneratedFiles\Release\moc_siftgpumodule.cpp PointMatch.cpp roiwindow.cpp siftgpumodule.cpp
         featureexactor.cpp
     1>E:\opensource\install\include\opencv2/core/mat.hpp(1965): warning C4819: 该文件包含不能在当前代码页(936)中表示的字符。请将该文件保存为 Unicode 格式以防止数据丢失
     1>E:\opensource\install\include\opencv2/core/persistence.hpp : warning C4819: 该文件包含不能在当前代码页(936)中表示的字符。请将该文件保存为 Unicode 格式以防止数据丢失
     1>E:\opensource\install\include\opencv2/core/utility.hpp : warning C4819: 该文件包含不能在当前代码页(936)中表示的字符。请将该文件保存为 Unicode 格式以防止数据丢失
         features.cpp
         moc_siftgpumodule.cpp
         PointMatch.cpp
         roiwindow.cpp
         siftgpumodule.cpp
         正在生成代码...
       Link:
         D:\Program Files (x86)\Microsoft Visual Studio 12.0\VC\bin\x86_amd64\link.exe /ERRORREPORT:PROMPT /OUT:"E:\myc++\myqt\QuickMosaic\x64\Release\\Features.dll" /NOLOGO /LIBPATH:D:\Qt\Qt5.5.1\5.5\msvc2013_64\lib /LIBPATH:E:\opensource\install\lib qtmain.lib Qt5Core.lib Qt5Xml.lib Qt5OpenGL.lib opengl32.lib glu32.lib opencv_core310.lib opencv_imgcodecs310.lib YTsLib.lib opencv_imgproc310.lib opencv_calib3d310.lib opencv_cudafeatures2d310.lib kernel32.lib user32.lib gdi32.lib winspool.lib comdlg32.lib advapi32.lib shell32.lib ole32.lib oleaut32.lib uuid.lib odbc32.lib odbccp32.lib /MANIFEST /MANIFESTUAC:"level='asInvoker' uiAccess='false'" /manifest:embed /PDB:"E:\myc++\myqt\QuickMosaic\x64\Release\Features.pdb" /SUBSYSTEM:WINDOWS /TLBID:1 /DYNAMICBASE /NXCOMPAT /IMPLIB:"E:\myc++\myqt\QuickMosaic\x64\Release\Features.lib" /MACHINE:X64 /DLL x64\Release\featureexactor.obj
         x64\Release\features.obj
         x64\Release\moc_siftgpumodule.obj
         x64\Release\PointMatch.obj
         x64\Release\roiwindow.obj
         x64\Release\siftgpumodule.obj
         YTsLib.lib(methods.obj) : 找到 MSIL .netmodule 或使用 /GL 编译的模块；正在使用 /LTCG 重新启动链接；将 /LTCG 添加到链接命令行以改进链接器性能
            正在创建库 E:\myc++\myqt\QuickMosaic\x64\Release\Features.lib 和对象 E:\myc++\myqt\QuickMosaic\x64\Release\Features.exp
         正在生成代码
         已完成代码的生成
         Features.vcxproj -> E:\myc++\myqt\QuickMosaic\x64\Release\Features.dll
     1>已完成生成项目“E:\myc++\myqt\QuickMosaic\Features\Features.vcxproj”(Build 个目标)的操作。

生成成功。

已用时间 00:00:08.63
