e:\myc++\myqt\quickmosaic\features\x64\release\siftgpumodule.obj
e:\myc++\myqt\quickmosaic\features\x64\release\roiwindow.obj
e:\myc++\myqt\quickmosaic\features\x64\release\pointmatch.obj
e:\myc++\myqt\quickmosaic\features\x64\release\moc_siftgpumodule.obj
e:\myc++\myqt\quickmosaic\features\x64\release\features.obj
e:\myc++\myqt\quickmosaic\features\x64\release\featureexactor.obj
e:\myc++\myqt\quickmosaic\features\generatedfiles\release\moc_siftgpumodule.cpp
e:\myc++\myqt\quickmosaic\x64\release\features.lib
e:\myc++\myqt\quickmosaic\x64\release\features.exp
e:\myc++\myqt\quickmosaic\x64\release\features.dll
e:\myc++\myqt\quickmosaic\features\x64\release\features.tlog\cl.command.1.tlog
e:\myc++\myqt\quickmosaic\features\x64\release\features.tlog\cl.read.1.tlog
e:\myc++\myqt\quickmosaic\features\x64\release\features.tlog\cl.write.1.tlog
e:\myc++\myqt\quickmosaic\features\x64\release\features.tlog\custombuild.command.1.tlog
e:\myc++\myqt\quickmosaic\features\x64\release\features.tlog\custombuild.read.1.tlog
e:\myc++\myqt\quickmosaic\features\x64\release\features.tlog\custombuild.write.1.tlog
e:\myc++\myqt\quickmosaic\features\x64\release\features.tlog\features.write.1u.tlog
e:\myc++\myqt\quickmosaic\features\x64\release\features.tlog\link.command.1.tlog
e:\myc++\myqt\quickmosaic\features\x64\release\features.tlog\link.read.1.tlog
e:\myc++\myqt\quickmosaic\features\x64\release\features.tlog\link.write.1.tlog
