生成启动时间为 2016/7/20 23:09:02。
     1>项目“E:\myc++\myqt\QuickMosaic\QuickMosaic\QuickMosaic.vcxproj”在节点 2 上(Rebuild 个目标)。
     1>CustomBuild:
         Moc'ing quickmosaic.h...
         Uic'ing quickmosaic.ui...
         Rcc'ing quickmosaic.qrc...
     1>RCC : warning : No resources in 'E:\myc++\myqt\QuickMosaic\QuickMosaic\quickmosaic.qrc'.
         
       ClCompile:
         D:\Program Files (x86)\Microsoft Visual Studio 12.0\VC\bin\x86_amd64\CL.exe /c /I.\GeneratedFiles /I. /ID:\Qt\Qt5.5.1\5.5\msvc2013_64\include /I.\GeneratedFiles\Release /ID:\Qt\Qt5.5.1\5.5\msvc2013_64\include\QtCore /ID:\Qt\Qt5.5.1\5.5\msvc2013_64\include\QtGui /ID:\Qt\Qt5.5.1\5.5\msvc2013_64\include\QtOpenGL /ID:\Qt\Qt5.5.1\5.5\msvc2013_64\include\QtWidgets /ID:\Qt\Qt5.5.1\5.5\msvc2013_64\include\QtXml /nologo /W1 /WX- /O2 /D CODE_ANALYSIS /D UNICODE /D WIN32 /D WIN64 /D QT_DLL /D QT_NO_DEBUG /D NDEBUG /D QT_CORE_LIB /D QT_GUI_LIB /D QT_OPENGL_LIB /D QT_WIDGETS_LIB /D QT_XML_LIB /Gm- /EHsc /MD /GS /fp:precise /Zc:wchar_t /Zc:forScope /Fo"x64\Release\\" /Fd"x64\Release\vc120.pdb" /Gd /TP /analyze /analyze:plugin"D:\Program Files (x86)\Microsoft Visual Studio 12.0\VC\\bin\localespc.dll" /errorReport:prompt   /analyze:quiet GeneratedFiles\qrc_quickmosaic.cpp
         qrc_quickmosaic.cpp
         D:\Program Files (x86)\Microsoft Visual Studio 12.0\VC\bin\x86_amd64\CL.exe /c /I.\GeneratedFiles /I. /ID:\Qt\Qt5.5.1\5.5\msvc2013_64\include /I.\GeneratedFiles\Release /ID:\Qt\Qt5.5.1\5.5\msvc2013_64\include\QtCore /ID:\Qt\Qt5.5.1\5.5\msvc2013_64\include\QtGui /ID:\Qt\Qt5.5.1\5.5\msvc2013_64\include\QtOpenGL /ID:\Qt\Qt5.5.1\5.5\msvc2013_64\include\QtWidgets /ID:\Qt\Qt5.5.1\5.5\msvc2013_64\include\QtXml /nologo /W1 /WX- /O2 /D CODE_ANALYSIS /D UNICODE /D WIN32 /D WIN64 /D QT_DLL /D QT_NO_DEBUG /D NDEBUG /D QT_CORE_LIB /D QT_GUI_LIB /D QT_OPENGL_LIB /D QT_WIDGETS_LIB /D QT_XML_LIB /Gm- /EHsc /MD /GS /fp:precise /Zc:wchar_t /Zc:forScope /Fo"x64\Release\\" /Fd"x64\Release\vc120.pdb" /Gd /TP /analyze /analyze:plugin"D:\Program Files (x86)\Microsoft Visual Studio 12.0\VC\\bin\localespc.dll" /errorReport:prompt   /analyze:quiet GeneratedFiles\Release\moc_quickmosaic.cpp main.cpp PointData.cpp quickmosaic.cpp
         moc_quickmosaic.cpp
         main.cpp
         PointData.cpp
         quickmosaic.cpp
     1>quickmosaic.cpp : warning C4819: 该文件包含不能在当前代码页(936)中表示的字符。请将该文件保存为 Unicode 格式以防止数据丢失
         正在运行 C/C++ 代码分析...
     1>已完成生成项目“E:\myc++\myqt\QuickMosaic\QuickMosaic\QuickMosaic.vcxproj”(Rebuild 个目标)的操作 - 失败。

生成失败。

已用时间 00:00:40.69
